0 info it worked if it ends with ok
1 verbose cli [ 'C:\\Program Files\\nodejs\\node.exe',
1 verbose cli   'C:\\Program Files\\nodejs\\node_modules\\npm\\bin\\npm-cli.js',
1 verbose cli   'start' ]
2 info using npm@3.10.10
3 info using node@v6.10.0
4 verbose run-script [ 'prestart', 'start', 'poststart' ]
5 info lifecycle competency-matrix@1.0.0~prestart: competency-matrix@1.0.0
6 silly lifecycle competency-matrix@1.0.0~prestart: no script for prestart, continuing
7 info lifecycle competency-matrix@1.0.0~start: competency-matrix@1.0.0
8 verbose lifecycle competency-matrix@1.0.0~start: unsafe-perm in lifecycle true
9 verbose lifecycle competency-matrix@1.0.0~start: PATH: C:\Program Files\nodejs\node_modules\npm\bin\node-gyp-bin;C:\Users\rana11\Desktop\xt_jan_2017_competency_matrix\node_modules\.bin;C:\oraclexe\app\oracle\product\10.2.0\server\bin;C:\Windows\SYSTEM32;C:\Windows;C:\Windows\SYSTEM32\WBEM;C:\Windows\SYSTEM32\WINDOWSPOWERSHELL\V1.0\;c:\Program Files\Intel\WiFi\bin\;c:\Program Files\Common Files\Intel\WirelessCommon\;C:\Program Files\Microsoft SQL Server\110\Tools\Binn\;C:\Program Files (x86)\Microsoft SDKs\TypeScript\1.0\;C:\Program Files\Microsoft SQL Server\120\Tools\Binn\;C:\Program Files (x86)\Microsoft SQL Server\100\Tools\Binn\;C:\Program Files\Microsoft SQL Server\100\Tools\Binn\;C:\Program Files\Microsoft SQL Server\100\DTS\Binn\;C:\Program Files (x86)\Microsoft SQL Server\100\Tools\Binn\VSShell\Common7\IDE\;C:\Program Files (x86)\Microsoft Visual Studio 9.0\Common7\IDE\PrivateAssemblies\;C:\Program Files (x86)\Microsoft SQL Server\100\DTS\Binn\;C:\Program Files (x86)\Brackets\command;C:\Program Files\Git\cmd;C:\Program Files\TortoiseSVN\bin;C:\Program Files\nodejs\;C:\Program Files\Intel\WiFi\bin\;C:\Program Files\Common Files\Intel\WirelessCommon\;C:\Users\rana11\AppData\Roaming\npm
10 verbose lifecycle competency-matrix@1.0.0~start: CWD: C:\Users\rana11\Desktop\xt_jan_2017_competency_matrix
11 silly lifecycle competency-matrix@1.0.0~start: Args: [ '/d /s /c', 'node server.js' ]
12 silly lifecycle competency-matrix@1.0.0~start: Returned: code: 3221225786  signal: null
13 info lifecycle competency-matrix@1.0.0~start: Failed to exec start script
14 verbose stack Error: competency-matrix@1.0.0 start: `node server.js`
14 verbose stack Exit status 3221225786
14 verbose stack     at EventEmitter.<anonymous> (C:\Program Files\nodejs\node_modules\npm\lib\utils\lifecycle.js:255:16)
14 verbose stack     at emitTwo (events.js:106:13)
14 verbose stack     at EventEmitter.emit (events.js:191:7)
14 verbose stack     at ChildProcess.<anonymous> (C:\Program Files\nodejs\node_modules\npm\lib\utils\spawn.js:40:14)
14 verbose stack     at emitTwo (events.js:106:13)
14 verbose stack     at ChildProcess.emit (events.js:191:7)
14 verbose stack     at maybeClose (internal/child_process.js:877:16)
14 verbose stack     at Process.ChildProcess._handle.onexit (internal/child_process.js:226:5)
15 verbose pkgid competency-matrix@1.0.0
16 verbose cwd C:\Users\rana11\Desktop\xt_jan_2017_competency_matrix\app
17 error Windows_NT 6.1.7601
18 error argv "C:\\Program Files\\nodejs\\node.exe" "C:\\Program Files\\nodejs\\node_modules\\npm\\bin\\npm-cli.js" "start"
19 error node v6.10.0
20 error npm  v3.10.10
21 error code ELIFECYCLE
22 error competency-matrix@1.0.0 start: `node server.js`
22 error Exit status 3221225786
23 error Failed at the competency-matrix@1.0.0 start script 'node server.js'.
23 error Make sure you have the latest version of node.js and npm installed.
23 error If you do, this is most likely a problem with the competency-matrix package,
23 error not with npm itself.
23 error Tell the author that this fails on your system:
23 error     node server.js
23 error You can get information on how to open an issue for this project with:
23 error     npm bugs competency-matrix
23 error Or if that isn't available, you can get their info via:
23 error     npm owner ls competency-matrix
23 error There is likely additional logging output above.
24 verbose exit [ 1, true ]
